TableServe/build/app/intermediates/manifest_merge_blame_file/release/processReleaseMainManifest/manifest-merger-blame-release-report.txt
1<?xml version="1.0" encoding="utf-8"?>
2<manifest xmlns:android="http://schemas.android.com/apk/res/android"
3    package="com.example.flutter_application_1"
4    android:versionCode="1"
5    android:versionName="1.0.0" >
6
7    <uses-sdk
8        android:minSdkVersion="23"
9        android:targetSdkVersion="34" />
10
11    <uses-permission android:name="android.permission.ACCESS_FINE_LOCATION" />
11-->src\main\AndroidManifest.xml:3:1-74
11-->src\main\AndroidManifest.xml:3:18-72
12    <uses-permission android:name="android.permission.ACCESS_COARSE_LOCATION" />
12-->src\main\AndroidManifest.xml:4:5-80
12-->src\main\AndroidManifest.xml:4:22-78
13    <!--
14         Required to query activities that can process text, see:
15         https://developer.android.com/training/package-visibility and
16         https://developer.android.com/reference/android/content/Intent#ACTION_PROCESS_TEXT.
17
18         In particular, this is used by the Flutter engine in io.flutter.plugin.text.ProcessTextPlugin.
19    -->
20    <queries>
20-->src\main\AndroidManifest.xml:44:5-49:15
21        <intent>
21-->src\main\AndroidManifest.xml:45:9-48:18
22            <action android:name="android.intent.action.PROCESS_TEXT" />
22-->src\main\AndroidManifest.xml:46:13-72
22-->src\main\AndroidManifest.xml:46:21-70
23
24            <data android:mimeType="text/plain" />
24-->src\main\AndroidManifest.xml:47:13-50
24-->src\main\AndroidManifest.xml:47:19-48
25        </intent>
26    </queries>
27
28    <uses-permission android:name="android.permission.BROADCAST_CLOSE_SYSTEM_DIALOGS" />
28-->[:awesome_notifications] AndroidManifest.xml:7:5-89
28-->[:awesome_notifications] AndroidManifest.xml:7:22-86
29    <uses-permission android:name="android.permission.ACCESS_NETWORK_STATE" />
29-->[:connectivity_plus] AndroidManifest.xml:7:5-79
29-->[:connectivity_plus] AndroidManifest.xml:7:22-76
30    <uses-permission android:name="android.permission.INTERNET" />
30-->[:firebase_messaging] AndroidManifest.xml:7:5-67
30-->[:firebase_messaging] AndroidManifest.xml:7:22-64
31    <uses-permission android:name="android.permission.WAKE_LOCK" /> <!-- Permissions options for the `notification` group -->
31-->[:firebase_messaging] AndroidManifest.xml:8:5-68
31-->[:firebase_messaging] AndroidManifest.xml:8:22-65
32    <uses-permission android:name="android.permission.POST_NOTIFICATIONS" />
32-->[:firebase_messaging] AndroidManifest.xml:11:5-77
32-->[:firebase_messaging] AndroidManifest.xml:11:22-74
33    <uses-permission android:name="android.permission.VIBRATE" /> <!-- Required by older versions of Google Play services to create IID tokens -->
33-->[:flutter_local_notifications] AndroidManifest.xml:7:5-66
33-->[:flutter_local_notifications] AndroidManifest.xml:7:22-63
34    <uses-permission android:name="com.google.android.c2dm.permission.RECEIVE" />
34-->[com.google.firebase:firebase-messaging:24.0.3] AndroidManifest.xml:26:5-82
34-->[com.google.firebase:firebase-messaging:24.0.3] AndroidManifest.xml:26:22-79
35    <uses-permission android:name="com.google.android.gms.permission.AD_ID" />
35-->[com.google.android.gms:play-services-measurement-api:22.1.2] AndroidManifest.xml:25:5-79
35-->[com.google.android.gms:play-services-measurement-api:22.1.2] AndroidManifest.xml:25:22-76
36    <uses-permission android:name="android.permission.ACCESS_ADSERVICES_ATTRIBUTION" />
36-->[com.google.android.gms:play-services-measurement-api:22.1.2] AndroidManifest.xml:26:5-88
36-->[com.google.android.gms:play-services-measurement-api:22.1.2] AndroidManifest.xml:26:22-85
37    <uses-permission android:name="android.permission.ACCESS_ADSERVICES_AD_ID" />
37-->[com.google.android.gms:play-services-measurement-api:22.1.2] AndroidManifest.xml:27:5-82
37-->[com.google.android.gms:play-services-measurement-api:22.1.2] AndroidManifest.xml:27:22-79
38    <uses-permission
38-->[me.carda:AndroidAwnCore:0.10.0] AndroidManifest.xml:9:5-12:47
39        android:name="android.permission.BIND_NOTIFICATION_LISTENER_SERVICE"
39-->[me.carda:AndroidAwnCore:0.10.0] AndroidManifest.xml:10:9-77
40        android:maxSdkVersion="22" />
40-->[me.carda:AndroidAwnCore:0.10.0] AndroidManifest.xml:11:9-35
41    <uses-permission android:name="com.google.android.finsky.permission.BIND_GET_INSTALL_REFERRER_SERVICE" />
41-->[com.google.android.gms:play-services-measurement:22.1.2] AndroidManifest.xml:26:5-110
41-->[com.google.android.gms:play-services-measurement:22.1.2] AndroidManifest.xml:26:22-107
42    <uses-permission android:name="com.google.android.providers.gsf.permission.READ_GSERVICES" />
42-->[com.google.android.recaptcha:recaptcha:18.5.1] AndroidManifest.xml:9:5-98
42-->[com.google.android.recaptcha:recaptcha:18.5.1] AndroidManifest.xml:9:22-95
43
44    <permission
44-->[androidx.core:core:1.13.1] AndroidManifest.xml:22:5-24:47
45        android:name="com.example.flutter_application_1.DYNAMIC_RECEIVER_NOT_EXPORTED_PERMISSION"
45-->[androidx.core:core:1.13.1] AndroidManifest.xml:23:9-81
46        android:protectionLevel="signature" />
46-->[androidx.core:core:1.13.1] AndroidManifest.xml:24:9-44
47
48    <uses-permission android:name="com.example.flutter_application_1.DYNAMIC_RECEIVER_NOT_EXPORTED_PERMISSION" />
48-->[androidx.core:core:1.13.1] AndroidManifest.xml:26:5-97
48-->[androidx.core:core:1.13.1] AndroidManifest.xml:26:22-94
49    <uses-permission android:name="android.permission.CAMERA" /> <!-- Don't require camera, as this requires a rear camera. This allows it to work on the Nexus 7 -->
49-->[com.journeyapps:zxing-android-embedded:4.3.0] AndroidManifest.xml:22:5-65
49-->[com.journeyapps:zxing-android-embedded:4.3.0] AndroidManifest.xml:22:22-62
50    <uses-feature
50-->[com.journeyapps:zxing-android-embedded:4.3.0] AndroidManifest.xml:25:5-27:36
51        android:name="android.hardware.camera"
51-->[com.journeyapps:zxing-android-embedded:4.3.0] AndroidManifest.xml:26:9-47
52        android:required="false" />
52-->[com.journeyapps:zxing-android-embedded:4.3.0] AndroidManifest.xml:27:9-33
53    <uses-feature
53-->[com.journeyapps:zxing-android-embedded:4.3.0] AndroidManifest.xml:28:5-30:36
54        android:name="android.hardware.camera.front"
54-->[com.journeyapps:zxing-android-embedded:4.3.0] AndroidManifest.xml:29:9-53
55        android:required="false" /> <!-- TODO replace above two with next line after Android 4.2 -->
55-->[com.journeyapps:zxing-android-embedded:4.3.0] AndroidManifest.xml:30:9-33
56    <!-- <uses-feature android:name="android.hardware.camera.any"/> -->
57    <uses-feature
57-->[com.journeyapps:zxing-android-embedded:4.3.0] AndroidManifest.xml:33:5-35:36
58        android:name="android.hardware.camera.autofocus"
58-->[com.journeyapps:zxing-android-embedded:4.3.0] AndroidManifest.xml:34:9-57
59        android:required="false" />
59-->[com.journeyapps:zxing-android-embedded:4.3.0] AndroidManifest.xml:35:9-33
60    <uses-feature
60-->[com.journeyapps:zxing-android-embedded:4.3.0] AndroidManifest.xml:36:5-38:36
61        android:name="android.hardware.camera.flash"
61-->[com.journeyapps:zxing-android-embedded:4.3.0] AndroidManifest.xml:37:9-53
62        android:required="false" />
62-->[com.journeyapps:zxing-android-embedded:4.3.0] AndroidManifest.xml:38:9-33
63    <uses-feature
63-->[com.journeyapps:zxing-android-embedded:4.3.0] AndroidManifest.xml:39:5-41:36
64        android:name="android.hardware.screen.landscape"
64-->[com.journeyapps:zxing-android-embedded:4.3.0] AndroidManifest.xml:40:9-57
65        android:required="false" />
65-->[com.journeyapps:zxing-android-embedded:4.3.0] AndroidManifest.xml:41:9-33
66    <uses-feature
66-->[com.journeyapps:zxing-android-embedded:4.3.0] AndroidManifest.xml:42:5-44:36
67        android:name="android.hardware.wifi"
67-->[com.journeyapps:zxing-android-embedded:4.3.0] AndroidManifest.xml:43:9-45
68        android:required="false" /> <!-- for android -->
68-->[com.journeyapps:zxing-android-embedded:4.3.0] AndroidManifest.xml:44:9-33
69    <!-- <uses-permission android:name="com.android.launcher.permission.READ_SETTINGS"/> -->
70    <!-- <uses-permission android:name="com.android.launcher.permission.WRITE_SETTINGS"/> -->
71    <!-- <uses-permission android:name="com.android.launcher.permission.INSTALL_SHORTCUT" /> -->
72    <!-- <uses-permission android:name="com.android.launcher.permission.UNINSTALL_SHORTCUT" /> -->
73    <!-- for Samsung -->
74    <uses-permission android:name="com.sec.android.provider.badge.permission.READ" />
74-->[me.leolin:ShortcutBadger:1.1.22] AndroidManifest.xml:19:5-86
74-->[me.leolin:ShortcutBadger:1.1.22] AndroidManifest.xml:19:22-83
75    <uses-permission android:name="com.sec.android.provider.badge.permission.WRITE" /> <!-- for htc -->
75-->[me.leolin:ShortcutBadger:1.1.22] AndroidManifest.xml:20:5-87
75-->[me.leolin:ShortcutBadger:1.1.22] AndroidManifest.xml:20:22-84
76    <uses-permission android:name="com.htc.launcher.permission.READ_SETTINGS" />
76-->[me.leolin:ShortcutBadger:1.1.22] AndroidManifest.xml:23:5-81
76-->[me.leolin:ShortcutBadger:1.1.22] AndroidManifest.xml:23:22-78
77    <uses-permission android:name="com.htc.launcher.permission.UPDATE_SHORTCUT" /> <!-- for sony -->
77-->[me.leolin:ShortcutBadger:1.1.22] AndroidManifest.xml:24:5-83
77-->[me.leolin:ShortcutBadger:1.1.22] AndroidManifest.xml:24:22-80
78    <uses-permission android:name="com.sonyericsson.home.permission.BROADCAST_BADGE" />
78-->[me.leolin:ShortcutBadger:1.1.22] AndroidManifest.xml:27:5-88
78-->[me.leolin:ShortcutBadger:1.1.22] AndroidManifest.xml:27:22-85
79    <uses-permission android:name="com.sonymobile.home.permission.PROVIDER_INSERT_BADGE" /> <!-- for apex -->
79-->[me.leolin:ShortcutBadger:1.1.22] AndroidManifest.xml:28:5-92
79-->[me.leolin:ShortcutBadger:1.1.22] AndroidManifest.xml:28:22-89
80    <uses-permission android:name="com.anddoes.launcher.permission.UPDATE_COUNT" /> <!-- for solid -->
80-->[me.leolin:ShortcutBadger:1.1.22] AndroidManifest.xml:31:5-84
80-->[me.leolin:ShortcutBadger:1.1.22] AndroidManifest.xml:31:22-81
81    <uses-permission android:name="com.majeur.launcher.permission.UPDATE_BADGE" /> <!-- for huawei -->
81-->[me.leolin:ShortcutBadger:1.1.22] AndroidManifest.xml:34:5-83
81-->[me.leolin:ShortcutBadger:1.1.22] AndroidManifest.xml:34:22-80
82    <uses-permission android:name="com.huawei.android.launcher.permission.CHANGE_BADGE" />
82-->[me.leolin:ShortcutBadger:1.1.22] AndroidManifest.xml:37:5-91
82-->[me.leolin:ShortcutBadger:1.1.22] AndroidManifest.xml:37:22-88
83    <uses-permission android:name="com.huawei.android.launcher.permission.READ_SETTINGS" />
83-->[me.leolin:ShortcutBadger:1.1.22] AndroidManifest.xml:38:5-92
83-->[me.leolin:ShortcutBadger:1.1.22] AndroidManifest.xml:38:22-89
84    <uses-permission android:name="com.huawei.android.launcher.permission.WRITE_SETTINGS" /> <!-- for ZUK -->
84-->[me.leolin:ShortcutBadger:1.1.22] AndroidManifest.xml:39:5-93
84-->[me.leolin:ShortcutBadger:1.1.22] AndroidManifest.xml:39:22-90
85    <uses-permission android:name="android.permission.READ_APP_BADGE" /> <!-- for OPPO -->
85-->[me.leolin:ShortcutBadger:1.1.22] AndroidManifest.xml:42:5-73
85-->[me.leolin:ShortcutBadger:1.1.22] AndroidManifest.xml:42:22-70
86    <uses-permission android:name="com.oppo.launcher.permission.READ_SETTINGS" />
86-->[me.leolin:ShortcutBadger:1.1.22] AndroidManifest.xml:45:5-82
86-->[me.leolin:ShortcutBadger:1.1.22] AndroidManifest.xml:45:22-79
87    <uses-permission android:name="com.oppo.launcher.permission.WRITE_SETTINGS" /> <!-- for EvMe -->
87-->[me.leolin:ShortcutBadger:1.1.22] AndroidManifest.xml:46:5-83
87-->[me.leolin:ShortcutBadger:1.1.22] AndroidManifest.xml:46:22-80
88    <uses-permission android:name="me.everything.badger.permission.BADGE_COUNT_READ" />
88-->[me.leolin:ShortcutBadger:1.1.22] AndroidManifest.xml:49:5-88
88-->[me.leolin:ShortcutBadger:1.1.22] AndroidManifest.xml:49:22-85
89    <uses-permission android:name="me.everything.badger.permission.BADGE_COUNT_WRITE" />
89-->[me.leolin:ShortcutBadger:1.1.22] AndroidManifest.xml:50:5-89
89-->[me.leolin:ShortcutBadger:1.1.22] AndroidManifest.xml:50:22-86
90
91    <application
92        android:name="android.app.Application"
92-->src\main\AndroidManifest.xml:7:9-42
93        android:appComponentFactory="androidx.core.app.CoreComponentFactory"
93-->[androidx.core:core:1.13.1] AndroidManifest.xml:28:18-86
94        android:enableOnBackInvokedCallback="true"
94-->src\main\AndroidManifest.xml:9:9-51
95        android:extractNativeLibs="false"
96        android:icon="@mipmap/ic_launcher"
96-->src\main\AndroidManifest.xml:8:9-43
97        android:label="TableServe" >
97-->src\main\AndroidManifest.xml:6:9-35
98        <activity
98-->src\main\AndroidManifest.xml:11:9-32:20
99            android:name="com.example.flutter_application_1.MainActivity"
99-->src\main\AndroidManifest.xml:12:13-41
100            android:configChanges="orientation|keyboardHidden|keyboard|screenSize|smallestScreenSize|locale|layoutDirection|fontScale|screenLayout|density|uiMode"
100-->src\main\AndroidManifest.xml:17:13-163
101            android:exported="true"
101-->src\main\AndroidManifest.xml:13:13-36
102            android:hardwareAccelerated="true"
102-->src\main\AndroidManifest.xml:18:13-47
103            android:launchMode="singleTop"
103-->src\main\AndroidManifest.xml:14:13-43
104            android:taskAffinity=""
104-->src\main\AndroidManifest.xml:15:13-36
105            android:theme="@style/LaunchTheme"
105-->src\main\AndroidManifest.xml:16:13-47
106            android:windowSoftInputMode="adjustResize" >
106-->src\main\AndroidManifest.xml:19:13-55
107
108            <!--
109                 Specifies an Android theme to apply to this Activity as soon as
110                 the Android process has started. This theme is visible to the user
111                 while the Flutter UI initializes. After that, this theme continues
112                 to determine the Window background behind the Flutter UI.
113            -->
114            <meta-data
114-->src\main\AndroidManifest.xml:24:13-27:17
115                android:name="io.flutter.embedding.android.NormalTheme"
115-->src\main\AndroidManifest.xml:25:15-70
116                android:resource="@style/NormalTheme" />
116-->src\main\AndroidManifest.xml:26:15-52
117
118            <intent-filter>
118-->src\main\AndroidManifest.xml:28:13-31:29
119                <action android:name="android.intent.action.MAIN" />
119-->src\main\AndroidManifest.xml:29:17-68
119-->src\main\AndroidManifest.xml:29:25-66
120
121                <category android:name="android.intent.category.LAUNCHER" />
121-->src\main\AndroidManifest.xml:30:17-76
121-->src\main\AndroidManifest.xml:30:27-74
122            </intent-filter>
123        </activity>
124        <!--
125             Don't delete the meta-data below.
126             This is used by the Flutter tool to generate GeneratedPluginRegistrant.java
127        -->
128        <meta-data
128-->src\main\AndroidManifest.xml:35:9-37:33
129            android:name="flutterEmbedding"
129-->src\main\AndroidManifest.xml:36:13-44
130            android:value="2" />
130-->src\main\AndroidManifest.xml:37:13-30
131
132        <receiver
132-->[:awesome_notifications] AndroidManifest.xml:10:9-12:39
133            android:name="me.carda.awesome_notifications.DartNotificationActionReceiver"
133-->[:awesome_notifications] AndroidManifest.xml:11:13-89
134            android:exported="true" />
134-->[:awesome_notifications] AndroidManifest.xml:12:13-36
135        <receiver
135-->[:awesome_notifications] AndroidManifest.xml:13:9-15:39
136            android:name="me.carda.awesome_notifications.DartDismissedNotificationReceiver"
136-->[:awesome_notifications] AndroidManifest.xml:14:13-92
137            android:exported="true" />
137-->[:awesome_notifications] AndroidManifest.xml:15:13-36
138        <receiver
138-->[:awesome_notifications] AndroidManifest.xml:16:9-18:39
139            android:name="me.carda.awesome_notifications.DartScheduledNotificationReceiver"
139-->[:awesome_notifications] AndroidManifest.xml:17:13-92
140            android:exported="true" />
140-->[:awesome_notifications] AndroidManifest.xml:18:13-36
141        <receiver
141-->[:awesome_notifications] AndroidManifest.xml:19:9-33:20
142            android:name="me.carda.awesome_notifications.DartRefreshSchedulesReceiver"
142-->[:awesome_notifications] AndroidManifest.xml:20:13-87
143            android:enabled="true"
143-->[:awesome_notifications] AndroidManifest.xml:21:13-35
144            android:exported="true" >
144-->[:awesome_notifications] AndroidManifest.xml:22:13-36
145            <intent-filter>
145-->[:awesome_notifications] AndroidManifest.xml:23:13-32:29
146                <category android:name="android.intent.category.DEFAULT" />
146-->[:awesome_notifications] AndroidManifest.xml:24:17-76
146-->[:awesome_notifications] AndroidManifest.xml:24:27-73
147
148                <action android:name="android.intent.action.BOOT_COMPLETED" />
148-->[:awesome_notifications] AndroidManifest.xml:26:17-79
148-->[:awesome_notifications] AndroidManifest.xml:26:25-76
149                <action android:name="android.intent.action.LOCKED_BOOT_COMPLETED" />
149-->[:awesome_notifications] AndroidManifest.xml:27:17-86
149-->[:awesome_notifications] AndroidManifest.xml:27:25-83
150                <action android:name="android.intent.action.MY_PACKAGE_REPLACED" />
150-->[:awesome_notifications] AndroidManifest.xml:28:17-84
150-->[:awesome_notifications] AndroidManifest.xml:28:25-81
151                <action android:name="android.intent.action.QUICKBOOT_POWERON" />
151-->[:awesome_notifications] AndroidManifest.xml:29:17-82
151-->[:awesome_notifications] AndroidManifest.xml:29:25-79
152                <action android:name="com.htc.intent.action.QUICKBOOT_POWERON" />
152-->[:awesome_notifications] AndroidManifest.xml:30:17-82
152-->[:awesome_notifications] AndroidManifest.xml:30:25-79
153                <action android:name="android.app.action.SCHEDULE_EXACT_ALARM_PERMISSION_STATE_CHANGED" />
153-->[:awesome_notifications] AndroidManifest.xml:31:17-107
153-->[:awesome_notifications] AndroidManifest.xml:31:25-104
154            </intent-filter>
155        </receiver>
156
157        <service
157-->[:awesome_notifications] AndroidManifest.xml:35:9-38:72
158            android:name="me.carda.awesome_notifications.DartBackgroundService"
158-->[:awesome_notifications] AndroidManifest.xml:36:13-80
159            android:exported="false"
159-->[:awesome_notifications] AndroidManifest.xml:37:13-37
160            android:permission="android.permission.BIND_JOB_SERVICE" />
160-->[:awesome_notifications] AndroidManifest.xml:38:13-69
161        <service
161-->[:awesome_notifications] AndroidManifest.xml:39:9-44:43
162            android:name="me.carda.awesome_notifications.core.services.ForegroundService"
162-->[:awesome_notifications] AndroidManifest.xml:40:13-90
163            android:enabled="true"
163-->[:awesome_notifications] AndroidManifest.xml:41:13-35
164            android:exported="false"
164-->[:awesome_notifications] AndroidManifest.xml:42:13-37
165            android:foregroundServiceType="phoneCall"
165-->[:awesome_notifications] AndroidManifest.xml:43:13-54
166            android:stopWithTask="true" />
166-->[:awesome_notifications] AndroidManifest.xml:44:13-40
167        <service
167-->[:cloud_firestore] AndroidManifest.xml:8:9-12:19
168            android:name="com.google.firebase.components.ComponentDiscoveryService"
168-->[:cloud_firestore] AndroidManifest.xml:8:18-89
169            android:directBootAware="true"
169-->[com.google.firebase:firebase-common:21.0.0] AndroidManifest.xml:32:13-43
170            android:exported="false" >
170-->[com.google.firebase:firebase-firestore:25.1.1] AndroidManifest.xml:16:13-37
171            <meta-data
171-->[:cloud_firestore] AndroidManifest.xml:9:13-11:85
172                android:name="com.google.firebase.components:io.flutter.plugins.firebase.firestore.FlutterFirebaseFirestoreRegistrar"
172-->[:cloud_firestore] AndroidManifest.xml:10:17-134
173                android:value="com.google.firebase.components.ComponentRegistrar" />
173-->[:cloud_firestore] AndroidManifest.xml:11:17-82
174            <meta-data
174-->[:firebase_auth] AndroidManifest.xml:9:13-11:85
175                android:name="com.google.firebase.components:io.flutter.plugins.firebase.auth.FlutterFirebaseAuthRegistrar"
175-->[:firebase_auth] AndroidManifest.xml:10:17-124
176                android:value="com.google.firebase.components.ComponentRegistrar" />
176-->[:firebase_auth] AndroidManifest.xml:11:17-82
177            <meta-data
177-->[:firebase_messaging] AndroidManifest.xml:36:13-38:85
178                android:name="com.google.firebase.components:io.flutter.plugins.firebase.messaging.FlutterFirebaseAppRegistrar"
178-->[:firebase_messaging] AndroidManifest.xml:37:17-128
179                android:value="com.google.firebase.components.ComponentRegistrar" />
179-->[:firebase_messaging] AndroidManifest.xml:38:17-82
180            <meta-data
180-->[:firebase_remote_config] AndroidManifest.xml:9:13-11:85
181                android:name="com.google.firebase.components:io.flutter.plugins.firebase.firebaseremoteconfig.FlutterFirebaseAppRegistrar"
181-->[:firebase_remote_config] AndroidManifest.xml:10:17-139
182                android:value="com.google.firebase.components.ComponentRegistrar" />
182-->[:firebase_remote_config] AndroidManifest.xml:11:17-82
183            <meta-data
183-->[:firebase_core] AndroidManifest.xml:9:13-11:85
184                android:name="com.google.firebase.components:io.flutter.plugins.firebase.core.FlutterFirebaseCoreRegistrar"
184-->[:firebase_core] AndroidManifest.xml:10:17-124
185                android:value="com.google.firebase.components.ComponentRegistrar" />
185-->[:firebase_core] AndroidManifest.xml:11:17-82
186            <meta-data
186-->[com.google.firebase:firebase-firestore:25.1.1] AndroidManifest.xml:17:13-19:85
187                android:name="com.google.firebase.components:com.google.firebase.firestore.FirebaseFirestoreKtxRegistrar"
187-->[com.google.firebase:firebase-firestore:25.1.1] AndroidManifest.xml:18:17-122
188                android:value="com.google.firebase.components.ComponentRegistrar" />
188-->[com.google.firebase:firebase-firestore:25.1.1] AndroidManifest.xml:19:17-82
189            <meta-data
189-->[com.google.firebase:firebase-firestore:25.1.1] AndroidManifest.xml:20:13-22:85
190                android:name="com.google.firebase.components:com.google.firebase.firestore.FirestoreRegistrar"
190-->[com.google.firebase:firebase-firestore:25.1.1] AndroidManifest.xml:21:17-111
191                android:value="com.google.firebase.components.ComponentRegistrar" />
191-->[com.google.firebase:firebase-firestore:25.1.1] AndroidManifest.xml:22:17-82
192            <meta-data
192-->[com.google.firebase:firebase-auth:23.1.0] AndroidManifest.xml:69:13-71:85
193                android:name="com.google.firebase.components:com.google.firebase.auth.FirebaseAuthRegistrar"
193-->[com.google.firebase:firebase-auth:23.1.0] AndroidManifest.xml:70:17-109
194                android:value="com.google.firebase.components.ComponentRegistrar" />
194-->[com.google.firebase:firebase-auth:23.1.0] AndroidManifest.xml:71:17-82
195            <meta-data
195-->[com.google.firebase:firebase-messaging:24.0.3] AndroidManifest.xml:57:13-59:85
196                android:name="com.google.firebase.components:com.google.firebase.messaging.FirebaseMessagingKtxRegistrar"
196-->[com.google.firebase:firebase-messaging:24.0.3] AndroidManifest.xml:58:17-122
197                android:value="com.google.firebase.components.ComponentRegistrar" />
197-->[com.google.firebase:firebase-messaging:24.0.3] AndroidManifest.xml:59:17-82
198            <meta-data
198-->[com.google.firebase:firebase-messaging:24.0.3] AndroidManifest.xml:60:13-62:85
199                android:name="com.google.firebase.components:com.google.firebase.messaging.FirebaseMessagingRegistrar"
199-->[com.google.firebase:firebase-messaging:24.0.3] AndroidManifest.xml:61:17-119
200                android:value="com.google.firebase.components.ComponentRegistrar" />
200-->[com.google.firebase:firebase-messaging:24.0.3] AndroidManifest.xml:62:17-82
201            <meta-data
201-->[com.google.firebase:firebase-config:22.0.1] AndroidManifest.xml:29:13-31:85
202                android:name="com.google.firebase.components:com.google.firebase.remoteconfig.FirebaseRemoteConfigKtxRegistrar"
202-->[com.google.firebase:firebase-config:22.0.1] AndroidManifest.xml:30:17-128
203                android:value="com.google.firebase.components.ComponentRegistrar" />
203-->[com.google.firebase:firebase-config:22.0.1] AndroidManifest.xml:31:17-82
204            <meta-data
204-->[com.google.firebase:firebase-config:22.0.1] AndroidManifest.xml:32:13-34:85
205                android:name="com.google.firebase.components:com.google.firebase.remoteconfig.RemoteConfigRegistrar"
205-->[com.google.firebase:firebase-config:22.0.1] AndroidManifest.xml:33:17-117
206                android:value="com.google.firebase.components.ComponentRegistrar" />
206-->[com.google.firebase:firebase-config:22.0.1] AndroidManifest.xml:34:17-82
207            <meta-data
207-->[com.google.android.gms:play-services-measurement-api:22.1.2] AndroidManifest.xml:37:13-39:85
208                android:name="com.google.firebase.components:com.google.firebase.analytics.connector.internal.AnalyticsConnectorRegistrar"
208-->[com.google.android.gms:play-services-measurement-api:22.1.2] AndroidManifest.xml:38:17-139
209                android:value="com.google.firebase.components.ComponentRegistrar" />
209-->[com.google.android.gms:play-services-measurement-api:22.1.2] AndroidManifest.xml:39:17-82
210            <meta-data
210-->[com.google.firebase:firebase-installations:18.0.0] AndroidManifest.xml:15:13-17:85
211                android:name="com.google.firebase.components:com.google.firebase.installations.FirebaseInstallationsKtxRegistrar"
211-->[com.google.firebase:firebase-installations:18.0.0] AndroidManifest.xml:16:17-130
212                android:value="com.google.firebase.components.ComponentRegistrar" />
212-->[com.google.firebase:firebase-installations:18.0.0] AndroidManifest.xml:17:17-82
213            <meta-data
213-->[com.google.firebase:firebase-installations:18.0.0] AndroidManifest.xml:18:13-20:85
214                android:name="com.google.firebase.components:com.google.firebase.installations.FirebaseInstallationsRegistrar"
214-->[com.google.firebase:firebase-installations:18.0.0] AndroidManifest.xml:19:17-127
215                android:value="com.google.firebase.components.ComponentRegistrar" />
215-->[com.google.firebase:firebase-installations:18.0.0] AndroidManifest.xml:20:17-82
216            <meta-data
216-->[com.google.firebase:firebase-common-ktx:21.0.0] AndroidManifest.xml:12:13-14:85
217                android:name="com.google.firebase.components:com.google.firebase.ktx.FirebaseCommonLegacyRegistrar"
217-->[com.google.firebase:firebase-common-ktx:21.0.0] AndroidManifest.xml:13:17-116
218                android:value="com.google.firebase.components.ComponentRegistrar" />
218-->[com.google.firebase:firebase-common-ktx:21.0.0] AndroidManifest.xml:14:17-82
219            <meta-data
219-->[com.google.firebase:firebase-common:21.0.0] AndroidManifest.xml:35:13-37:85
220                android:name="com.google.firebase.components:com.google.firebase.FirebaseCommonKtxRegistrar"
220-->[com.google.firebase:firebase-common:21.0.0] AndroidManifest.xml:36:17-109
221                android:value="com.google.firebase.components.ComponentRegistrar" />
221-->[com.google.firebase:firebase-common:21.0.0] AndroidManifest.xml:37:17-82
222            <meta-data
222-->[com.google.firebase:firebase-abt:21.1.1] AndroidManifest.xml:12:13-14:85
223                android:name="com.google.firebase.components:com.google.firebase.abt.component.AbtRegistrar"
223-->[com.google.firebase:firebase-abt:21.1.1] AndroidManifest.xml:13:17-109
224                android:value="com.google.firebase.components.ComponentRegistrar" />
224-->[com.google.firebase:firebase-abt:21.1.1] AndroidManifest.xml:14:17-82
225            <meta-data
225-->[com.google.firebase:firebase-datatransport:18.2.0] AndroidManifest.xml:25:13-27:85
226                android:name="com.google.firebase.components:com.google.firebase.datatransport.TransportRegistrar"
226-->[com.google.firebase:firebase-datatransport:18.2.0] AndroidManifest.xml:26:17-115
227                android:value="com.google.firebase.components.ComponentRegistrar" />
227-->[com.google.firebase:firebase-datatransport:18.2.0] AndroidManifest.xml:27:17-82
228        </service>
229        <service
229-->[:firebase_messaging] AndroidManifest.xml:14:9-17:72
230            android:name="io.flutter.plugins.firebase.messaging.FlutterFirebaseMessagingBackgroundService"
230-->[:firebase_messaging] AndroidManifest.xml:15:13-107
231            android:exported="false"
231-->[:firebase_messaging] AndroidManifest.xml:16:13-37
232            android:permission="android.permission.BIND_JOB_SERVICE" />
232-->[:firebase_messaging] AndroidManifest.xml:17:13-69
233        <service
233-->[:firebase_messaging] AndroidManifest.xml:18:9-24:19
234            android:name="io.flutter.plugins.firebase.messaging.FlutterFirebaseMessagingService"
234-->[:firebase_messaging] AndroidManifest.xml:19:13-97
235            android:exported="false" >
235-->[:firebase_messaging] AndroidManifest.xml:20:13-37
236            <intent-filter>
236-->[:firebase_messaging] AndroidManifest.xml:21:13-23:29
237                <action android:name="com.google.firebase.MESSAGING_EVENT" />
237-->[:firebase_messaging] AndroidManifest.xml:22:17-78
237-->[:firebase_messaging] AndroidManifest.xml:22:25-75
238            </intent-filter>
239        </service>
240
241        <receiver
241-->[:firebase_messaging] AndroidManifest.xml:26:9-33:20